<?xml version="1.0" encoding="UTF-8"?>
<robot generator="Robot 7.4.2 (Python 3.13.7 on win32)" generated="2026-05-08T10:12:16.296156" rpa="false" schemaversion="5">
<suite id="s1" name="Test Update Cart" source="C:\LeThiThom\DATN\tests\test_update_cart.robot">
<kw name="Open Browser To Website" owner="common" type="SETUP">
<kw name="Open Browser" owner="SeleniumLibrary">
<msg time="2026-05-08T10:12:16.996258" level="INFO">Opening browser 'Chrome' to base url 'https://bepxinhvn.vn/'.</msg>
<arg>${URL}</arg>
<arg>${BROWSER}</arg>
<doc>Opens a new browser instance to the optional ``url``.</doc>
<status status="PASS" start="2026-05-08T10:12:16.995960" elapsed="3.213702"/>
</kw>
<kw name="Maximize Browser Window" owner="SeleniumLibrary">
<doc>Maximizes current browser window.</doc>
<status status="PASS" start="2026-05-08T10:12:20.210209" elapsed="0.112011"/>
</kw>
<status status="PASS" start="2026-05-08T10:12:16.995142" elapsed="3.327391"/>
</kw>
<test id="s1-t1" name="Update Cart Data Driven (Type)" line="13">
<kw name="Run Keyword If" owner="BuiltIn">
<kw name="Load Json Data" owner="data_reader">
<arg>data/Data_Update_Cart.json</arg>
<status status="PASS" start="2026-05-08T10:12:20.331317" elapsed="0.000817"/>
</kw>
<msg time="2026-05-08T10:12:20.332526" level="INFO">${data} = [{'input': '0', 'type': 'empty_cart', 'expected': 'Giỏ hàng trống'}, {'input': '1', 'type': 'one_product', 'expected': '1 sản phẩm'}, {'input': '100000', 'type': 'large_quantity', 'expected': '100000 ...</msg>
<var>${data}</var>
<arg>'${DATA_TYPE}'=='json'</arg>
<arg>Load Json Data</arg>
<arg>data/Data_Update_Cart.json</arg>
<arg>ELSE</arg>
<arg>Load Excel Data</arg>
<arg>data/Data_Update_Cart.xlsx</arg>
<doc>Runs the given keyword with the given arguments, if ``condition`` is true.</doc>
<status status="PASS" start="2026-05-08T10:12:20.325113" elapsed="0.007534"/>
</kw>
<for flavor="IN">
<iter>
<kw name="Set Variable" owner="BuiltIn">
<msg time="2026-05-08T10:12:20.336127" level="INFO">${quantity} = 0</msg>
<var>${quantity}</var>
<arg>${item['input']}</arg>
<doc>Returns the given values which can then be assigned to a variables.</doc>
<status status="PASS" start="2026-05-08T10:12:20.334408" elapsed="0.001811"/>
</kw>
<kw name="Set Variable" owner="BuiltIn">
<msg time="2026-05-08T10:12:20.338262" level="INFO">${type} = empty_cart</msg>
<var>${type}</var>
<arg>${item['type']}</arg>
<doc>Returns the given values which can then be assigned to a variables.</doc>
<status status="PASS" start="2026-05-08T10:12:20.336549" elapsed="0.001802"/>
</kw>
<kw name="Log" owner="BuiltIn">
<msg time="2026-05-08T10:12:20.339368" level="INFO">===== Quantity: 0 =====</msg>
<arg>===== Quantity: ${quantity} =====</arg>
<doc>Logs the given message with the given level.</doc>
<status status="PASS" start="2026-05-08T10:12:20.338674" elapsed="0.000832"/>
</kw>
<kw name="Update Cart With Data" owner="update_cart_keywords">
<kw name="Open Product Page" owner="update_cart_page">
<kw name="Go To" owner="SeleniumLibrary">
<msg time="2026-05-08T10:12:20.341665" level="INFO">Opening url 'https://bepxinhvn.vn/products/10-hop-mica-nhua-trong-quai-xach-16x9x9cm'</msg>
<arg>${PRODUCT_URL}</arg>
<doc>Navigates the current browser window to the provided ``url``.</doc>
<status status="PASS" start="2026-05-08T10:12:20.341314" elapsed="0.915517"/>
</kw>
<kw name="Wait Until Element Is Visible" owner="SeleniumLibrary">
<arg>${ADD_TO_CART}</arg>
<arg>15s</arg>
<doc>Waits until the element ``locator`` is visible.</doc>
<status status="PASS" start="2026-05-08T10:12:21.257183" elapsed="0.206717"/>
</kw>
<status status="PASS" start="2026-05-08T10:12:20.340742" elapsed="1.123408"/>
</kw>
<kw name="Add To Cart" owner="update_cart_page">
<kw name="Click Element" owner="SeleniumLibrary">
<msg time="2026-05-08T10:12:21.465548" level="INFO">Clicking element 'id=add-to-cart'.</msg>
<arg>${ADD_TO_CART}</arg>
<doc>Click the element identified by ``locator``.</doc>
<status status="PASS" start="2026-05-08T10:12:21.465156" elapsed="0.158294"/>
</kw>
<kw name="Sleep" owner="BuiltIn">
<msg time="2026-05-08T10:12:23.625551" level="INFO">Slept 2 seconds.</msg>
<arg>2s</arg>
<doc>Pauses the test executed for the given time.</doc>
<status status="PASS" start="2026-05-08T10:12:21.623764" elapsed="2.002040"/>
</kw>
<status status="PASS" start="2026-05-08T10:12:21.464565" elapsed="2.161501"/>
</kw>
<kw name="Update Quantity" owner="update_cart_page">
<kw name="Wait Until Element Is Visible" owner="SeleniumLibrary">
<arg>${QUANTITY_INPUT}</arg>
<arg>10s</arg>
<doc>Waits until the element ``locator`` is visible.</doc>
<status status="PASS" start="2026-05-08T10:12:23.627385" elapsed="0.034131"/>
</kw>
<kw name="Clear Element Text" owner="SeleniumLibrary">
<arg>${QUANTITY_INPUT}</arg>
<doc>Clears the value of the text-input-element identified by ``locator``.</doc>
<status status="PASS" start="2026-05-08T10:12:23.661830" elapsed="0.266560"/>
</kw>
<kw name="Input Text" owner="SeleniumLibrary">
<msg time="2026-05-08T10:12:23.929085" level="INFO">Typing text '0' into text field 'id=quantity1'.</msg>
<arg>${QUANTITY_INPUT}</arg>
<arg>${quantity}</arg>
<doc>Types the given ``text`` into the text field identified by ``locator``.</doc>
<status status="PASS" start="2026-05-08T10:12:23.928677" elapsed="0.146320"/>
</kw>
<kw name="Sleep" owner="BuiltIn">
<msg time="2026-05-08T10:12:25.076417" level="INFO">Slept 1 second.</msg>
<arg>1s</arg>
<doc>Pauses the test executed for the given time.</doc>
<status status="PASS" start="2026-05-08T10:12:24.075300" elapsed="1.001476"/>
</kw>
<arg>${quantity}</arg>
<status status="PASS" start="2026-05-08T10:12:23.626555" elapsed="1.450586"/>
</kw>
<arg>${quantity}</arg>
<status status="PASS" start="2026-05-08T10:12:20.339947" elapsed="4.737469"/>
</kw>
<kw name="Click Update Button" owner="update_cart_page">
<kw name="Wait Until Element Is Visible" owner="SeleniumLibrary">
<arg>${UPDATE_BUTTON}</arg>
<arg>10s</arg>
<doc>Waits until the element ``locator`` is visible.</doc>
<status status="PASS" start="2026-05-08T10:12:25.079404" elapsed="0.060361"/>
</kw>
<kw name="Execute Javascript" owner="SeleniumLibrary">
<msg time="2026-05-08T10:12:25.141092" level="INFO">Executing JavaScript:
document.getElementById('update-cart-modal').click()
Without any arguments.</msg>
<arg>document.getElementById('update-cart-modal').click()</arg>
<doc>Executes the given JavaScript code with possible arguments.</doc>
<status status="PASS" start="2026-05-08T10:12:25.140182" elapsed="0.023697"/>
</kw>
<kw name="Sleep" owner="BuiltIn">
<msg time="2026-05-08T10:12:27.165811" level="INFO">Slept 2 seconds.</msg>
<arg>2s</arg>
<doc>Pauses the test executed for the given time.</doc>
<status status="PASS" start="2026-05-08T10:12:25.164367" elapsed="2.001631"/>
</kw>
<kw name="Run Keyword And Return Status" owner="BuiltIn">
<kw name="Alert Should Be Present" owner="SeleniumLibrary">
<msg time="2026-05-08T10:12:27.167301" level="INFO">HANDLE::&lt;class 'NoneType'&gt;::None</msg>
<msg time="2026-05-08T10:12:32.448885" level="INFO" html="true">&lt;/td&gt;&lt;/tr&gt;&lt;tr&gt;&lt;td colspan="3"&gt;&lt;a href="selenium-screenshot-105.png"&gt;&lt;img src="selenium-screenshot-105.png" width="800px"&gt;&lt;/a&gt;</msg>
<msg time="2026-05-08T10:12:32.449230" level="FAIL">Alert not found in 5 seconds.</msg>
<doc>Verifies that an alert is present and by default, accepts it.</doc>
<status status="FAIL" start="2026-05-08T10:12:27.167106" elapsed="5.292823">Alert not found in 5 seconds.</status>
</kw>
<msg time="2026-05-08T10:12:32.460236" level="INFO">${alert_status} = False</msg>
<var>${alert_status}</var>
<arg>Alert Should Be Present</arg>
<doc>Runs the specified keyword and returns the status as a Boolean value.</doc>
<status status="PASS" start="2026-05-08T10:12:27.166453" elapsed="5.293857"/>
</kw>
<if>
<branch type="IF" condition="${alert_status}">
<kw name="Get Alert Message">
<var>${alert_text}</var>
<status status="NOT RUN" start="2026-05-08T10:12:32.461535" elapsed="0.000108"/>
</kw>
<kw name="Log" owner="BuiltIn">
<arg>ALERT: ${alert_text}</arg>
<doc>Logs the given message with the given level.</doc>
<status status="NOT RUN" start="2026-05-08T10:12:32.462278" elapsed="0.000093"/>
</kw>
<kw name="Handle Alert" owner="SeleniumLibrary">
<arg>ACCEPT</arg>
<doc>Handles the current alert and returns its message.</doc>
<status status="NOT RUN" start="2026-05-08T10:12:32.462694" elapsed="0.000088"/>
</kw>
<return>
<value>${alert_text}</value>
<status status="NOT RUN" start="2026-05-08T10:12:32.462928" elapsed="0.000080"/>
</return>
<status status="NOT RUN" start="2026-05-08T10:12:32.460549" elapsed="0.002622"/>
</branch>
<status status="PASS" start="2026-05-08T10:12:32.460479" elapsed="0.002851"/>
</if>
<return>
<value>""</value>
<status status="PASS" start="2026-05-08T10:12:32.463477" elapsed="0.000132"/>
</return>
<msg time="2026-05-08T10:12:32.463923" level="INFO">${alert_msg} = ""</msg>
<var>${alert_msg}</var>
<status status="PASS" start="2026-05-08T10:12:25.078397" elapsed="7.385590"/>
</kw>
<kw name="Get Result Message" owner="update_cart_page">
<kw name="Run Keyword And Ignore Error" owner="BuiltIn">
<kw name="Get Text" owner="SeleniumLibrary">
<arg>${RESULT_MESSAGE}</arg>
<doc>Returns the text value of the element identified by ``locator``.</doc>
<status status="PASS" start="2026-05-08T10:12:32.465962" elapsed="0.051225"/>
</kw>
<msg time="2026-05-08T10:12:32.517746" level="INFO">${status} = PASS</msg>
<msg time="2026-05-08T10:12:32.518200" level="INFO">${msg} = GIỎ HÀNG CỦA BẠN ĐANG TRỐNG. MỜI BẠN TIẾP TỤC MUA HÀNG.</msg>
<var>${status}</var>
<var>${msg}</var>
<arg>Get Text</arg>
<arg>${RESULT_MESSAGE}</arg>
<doc>Runs the given keyword with the given arguments and ignores possible error.</doc>
<status status="PASS" start="2026-05-08T10:12:32.465206" elapsed="0.053372"/>
</kw>
<if>
<branch type="IF" condition="'${status}' == 'FAIL'">
<return>
<value>""</value>
<status status="NOT RUN" start="2026-05-08T10:12:32.519301" elapsed="0.000040"/>
</return>
<status status="NOT RUN" start="2026-05-08T10:12:32.518893" elapsed="0.000626"/>
</branch>
<status status="PASS" start="2026-05-08T10:12:32.518856" elapsed="0.000734"/>
</if>
<kw name="Convert To Lower Case" owner="String">
<msg time="2026-05-08T10:12:32.520648" level="INFO">${msg} = giỏ hàng của bạn đang trống. mời bạn tiếp tục mua hàng.</msg>
<var>${msg}</var>
<arg>${msg}</arg>
<doc>Converts string to lower case.</doc>
<status status="PASS" start="2026-05-08T10:12:32.519937" elapsed="0.000869"/>
</kw>
<return>
<value>${msg}</value>
<status status="PASS" start="2026-05-08T10:12:32.521111" elapsed="0.000166"/>
</return>
<msg time="2026-05-08T10:12:32.521993" level="INFO">${msg} = giỏ hàng của bạn đang trống. mời bạn tiếp tục mua hàng.</msg>
<var>${msg}</var>
<status status="PASS" start="2026-05-08T10:12:32.464461" elapsed="0.057723"/>
</kw>
<kw name="Set Variable If" owner="BuiltIn">
<msg time="2026-05-08T10:12:32.525187" level="INFO">${final_msg} = ""</msg>
<var>${final_msg}</var>
<arg>'${alert_msg}'!=''</arg>
<arg>${alert_msg}</arg>
<arg>${msg}</arg>
<doc>Sets variable based on the given condition.</doc>
<status status="PASS" start="2026-05-08T10:12:32.523094" elapsed="0.002192"/>
</kw>
<kw name="Log" owner="BuiltIn">
<msg time="2026-05-08T10:12:32.526115" level="INFO">Final Message: ""</msg>
<arg>Final Message: ${final_msg}</arg>
<doc>Logs the given message with the given level.</doc>
<status status="PASS" start="2026-05-08T10:12:32.525576" elapsed="0.000613"/>
</kw>
<if>
<branch type="IF" condition="'${type}' == 'update'">
<kw name="Should Not Be Empty" owner="BuiltIn">
<arg>${final_msg}</arg>
<doc>Verifies that the given item is not empty.</doc>
<status status="NOT RUN" start="2026-05-08T10:12:32.526741" elapsed="0.000086"/>
</kw>
<status status="NOT RUN" start="2026-05-08T10:12:32.526394" elapsed="0.000492"/>
</branch>
<status status="PASS" start="2026-05-08T10:12:32.526325" elapsed="0.000653"/>
</if>
<var name="${item}">{'input': '0', 'type': 'empty_cart', 'expected': 'Giỏ hàng trống'}</var>
<status status="PASS" start="2026-05-08T10:12:20.333976" elapsed="12.193044"/>
</iter>
<iter>
<kw name="Set Variable" owner="BuiltIn">
<msg time="2026-05-08T10:12:32.530302" level="INFO">${quantity} = 1</msg>
<var>${quantity}</var>
<arg>${item['input']}</arg>
<doc>Returns the given values which can then be assigned to a variables.</doc>
<status status="PASS" start="2026-05-08T10:12:32.528387" elapsed="0.002006"/>
</kw>
<kw name="Set Variable" owner="BuiltIn">
<msg time="2026-05-08T10:12:32.531711" level="INFO">${type} = one_product</msg>
<var>${type}</var>
<arg>${item['type']}</arg>
<doc>Returns the given values which can then be assigned to a variables.</doc>
<status status="PASS" start="2026-05-08T10:12:32.530716" elapsed="0.001083"/>
</kw>
<kw name="Log" owner="BuiltIn">
<msg time="2026-05-08T10:12:32.532867" level="INFO">===== Quantity: 1 =====</msg>
<arg>===== Quantity: ${quantity} =====</arg>
<doc>Logs the given message with the given level.</doc>
<status status="PASS" start="2026-05-08T10:12:32.532166" elapsed="0.000876"/>
</kw>
<kw name="Update Cart With Data" owner="update_cart_keywords">
<kw name="Open Product Page" owner="update_cart_page">
<kw name="Go To" owner="SeleniumLibrary">
<msg time="2026-05-08T10:12:32.535203" level="INFO">Opening url 'https://bepxinhvn.vn/products/10-hop-mica-nhua-trong-quai-xach-16x9x9cm'</msg>
<arg>${PRODUCT_URL}</arg>
<doc>Navigates the current browser window to the provided ``url``.</doc>
<status status="PASS" start="2026-05-08T10:12:32.534872" elapsed="1.278484"/>
</kw>
<kw name="Wait Until Element Is Visible" owner="SeleniumLibrary">
<arg>${ADD_TO_CART}</arg>
<arg>15s</arg>
<doc>Waits until the element ``locator`` is visible.</doc>
<status status="PASS" start="2026-05-08T10:12:33.813703" elapsed="0.032724"/>
</kw>
<status status="PASS" start="2026-05-08T10:12:32.534265" elapsed="1.312514"/>
</kw>
<kw name="Add To Cart" owner="update_cart_page">
<kw name="Click Element" owner="SeleniumLibrary">
<msg time="2026-05-08T10:12:33.848637" level="INFO">Clicking element 'id=add-to-cart'.</msg>
<arg>${ADD_TO_CART}</arg>
<doc>Click the element identified by ``locator``.</doc>
<status status="PASS" start="2026-05-08T10:12:33.847994" elapsed="0.435357"/>
</kw>
<kw name="Sleep" owner="BuiltIn">
<msg time="2026-05-08T10:12:36.285143" level="INFO">Slept 2 seconds.</msg>
<arg>2s</arg>
<doc>Pauses the test executed for the given time.</doc>
<status status="PASS" start="2026-05-08T10:12:34.283575" elapsed="2.002048"/>
</kw>
<status status="PASS" start="2026-05-08T10:12:33.847291" elapsed="2.439254"/>
</kw>
<kw name="Update Quantity" owner="update_cart_page">
<kw name="Wait Until Element Is Visible" owner="SeleniumLibrary">
<arg>${QUANTITY_INPUT}</arg>
<arg>10s</arg>
<doc>Waits until the element ``locator`` is visible.</doc>
<status status="PASS" start="2026-05-08T10:12:36.287957" elapsed="0.028580"/>
</kw>
<kw name="Clear Element Text" owner="SeleniumLibrary">
<arg>${QUANTITY_INPUT}</arg>
<doc>Clears the value of the text-input-element identified by ``locator``.</doc>
<status status="PASS" start="2026-05-08T10:12:36.316883" elapsed="0.056310"/>
</kw>
<kw name="Input Text" owner="SeleniumLibrary">
<msg time="2026-05-08T10:12:36.374666" level="INFO">Typing text '1' into text field 'id=quantity1'.</msg>
<arg>${QUANTITY_INPUT}</arg>
<arg>${quantity}</arg>
<doc>Types the given ``text`` into the text field identified by ``locator``.</doc>
<status status="PASS" start="2026-05-08T10:12:36.373460" elapsed="0.145736"/>
</kw>
<kw name="Sleep" owner="BuiltIn">
<msg time="2026-05-08T10:12:37.520748" level="INFO">Slept 1 second.</msg>
<arg>1s</arg>
<doc>Pauses the test executed for the given time.</doc>
<status status="PASS" start="2026-05-08T10:12:36.519568" elapsed="1.001428"/>
</kw>
<arg>${quantity}</arg>
<status status="PASS" start="2026-05-08T10:12:36.287351" elapsed="1.233898"/>
</kw>
<arg>${quantity}</arg>
<status status="PASS" start="2026-05-08T10:12:32.533485" elapsed="4.987931"/>
</kw>
<kw name="Click Update Button" owner="update_cart_page">
<kw name="Wait Until Element Is Visible" owner="SeleniumLibrary">
<arg>${UPDATE_BUTTON}</arg>
<arg>10s</arg>
<doc>Waits until the element ``locator`` is visible.</doc>
<status status="PASS" start="2026-05-08T10:12:37.524459" elapsed="0.025792"/>
</kw>
<kw name="Execute Javascript" owner="SeleniumLibrary">
<msg time="2026-05-08T10:12:37.550990" level="INFO">Executing JavaScript:
document.getElementById('update-cart-modal').click()
Without any arguments.</msg>
<arg>document.getElementById('update-cart-modal').click()</arg>
<doc>Executes the given JavaScript code with possible arguments.</doc>
<status status="PASS" start="2026-05-08T10:12:37.550494" elapsed="0.017109"/>
</kw>
<kw name="Sleep" owner="BuiltIn">
<msg time="2026-05-08T10:12:39.568405" level="INFO">Slept 2 seconds.</msg>
<arg>2s</arg>
<doc>Pauses the test executed for the given time.</doc>
<status status="PASS" start="2026-05-08T10:12:37.567866" elapsed="2.000706"/>
</kw>
<kw name="Run Keyword And Return Status" owner="BuiltIn">
<kw name="Alert Should Be Present" owner="SeleniumLibrary">
<msg time="2026-05-08T10:12:39.569862" level="INFO">HANDLE::&lt;class 'NoneType'&gt;::None</msg>
<msg time="2026-05-08T10:12:44.799976" level="INFO" html="true">&lt;/td&gt;&lt;/tr&gt;&lt;tr&gt;&lt;td colspan="3"&gt;&lt;a href="selenium-screenshot-106.png"&gt;&lt;img src="selenium-screenshot-106.png" width="800px"&gt;&lt;/a&gt;</msg>
<msg time="2026-05-08T10:12:44.800148" level="FAIL">Alert not found in 5 seconds.</msg>
<doc>Verifies that an alert is present and by default, accepts it.</doc>
<status status="FAIL" start="2026-05-08T10:12:39.569658" elapsed="5.232093">Alert not found in 5 seconds.</status>
</kw>
<msg time="2026-05-08T10:12:44.801912" level="INFO">${alert_status} = False</msg>
<var>${alert_status}</var>
<arg>Alert Should Be Present</arg>
<doc>Runs the specified keyword and returns the status as a Boolean value.</doc>
<status status="PASS" start="2026-05-08T10:12:39.568904" elapsed="5.233058"/>
</kw>
<if>
<branch type="IF" condition="${alert_status}">
<kw name="Get Alert Message">
<var>${alert_text}</var>
<status status="NOT RUN" start="2026-05-08T10:12:44.802309" elapsed="0.000038"/>
</kw>
<kw name="Log" owner="BuiltIn">
<arg>ALERT: ${alert_text}</arg>
<doc>Logs the given message with the given level.</doc>
<status status="NOT RUN" start="2026-05-08T10:12:44.802469" elapsed="0.000036"/>
</kw>
<kw name="Handle Alert" owner="SeleniumLibrary">
<arg>ACCEPT</arg>
<doc>Handles the current alert and returns its message.</doc>
<status status="NOT RUN" start="2026-05-08T10:12:44.802622" elapsed="0.000032"/>
</kw>
<return>
<value>${alert_text}</value>
<status status="NOT RUN" start="2026-05-08T10:12:44.802713" elapsed="0.000034"/>
</return>
<status status="NOT RUN" start="2026-05-08T10:12:44.802088" elapsed="0.000707"/>
</branch>
<status status="PASS" start="2026-05-08T10:12:44.802061" elapsed="0.000776"/>
</if>
<return>
<value>""</value>
<status status="PASS" start="2026-05-08T10:12:44.802876" elapsed="0.000038"/>
</return>
<msg time="2026-05-08T10:12:44.803128" level="INFO">${alert_msg} = ""</msg>
<var>${alert_msg}</var>
<status status="PASS" start="2026-05-08T10:12:37.522135" elapsed="7.281032"/>
</kw>
<kw name="Get Result Message" owner="update_cart_page">
<kw name="Run Keyword And Ignore Error" owner="BuiltIn">
<kw name="Get Text" owner="SeleniumLibrary">
<arg>${RESULT_MESSAGE}</arg>
<doc>Returns the text value of the element identified by ``locator``.</doc>
<status status="PASS" start="2026-05-08T10:12:44.804023" elapsed="0.018301"/>
</kw>
<msg time="2026-05-08T10:12:44.822550" level="INFO">${status} = PASS</msg>
<msg time="2026-05-08T10:12:44.822667" level="INFO">${msg} = BẠN CÓ 1 SẢN PHẨM TRONG GIỎ HÀNG.</msg>
<var>${status}</var>
<var>${msg}</var>
<arg>Get Text</arg>
<arg>${RESULT_MESSAGE}</arg>
<doc>Runs the given keyword with the given arguments and ignores possible error.</doc>
<status status="PASS" start="2026-05-08T10:12:44.803656" elapsed="0.019051"/>
</kw>
<if>
<branch type="IF" condition="'${status}' == 'FAIL'">
<return>
<value>""</value>
<status status="NOT RUN" start="2026-05-08T10:12:44.823009" elapsed="0.000033"/>
</return>
<status status="NOT RUN" start="2026-05-08T10:12:44.822836" elapsed="0.000259"/>
</branch>
<status status="PASS" start="2026-05-08T10:12:44.822808" elapsed="0.000330"/>
</if>
<kw name="Convert To Lower Case" owner="String">
<msg time="2026-05-08T10:12:44.823504" level="INFO">${msg} = bạn có 1 sản phẩm trong giỏ hàng.</msg>
<var>${msg}</var>
<arg>${msg}</arg>
<doc>Converts string to lower case.</doc>
<status status="PASS" start="2026-05-08T10:12:44.823266" elapsed="0.000275"/>
</kw>
<return>
<value>${msg}</value>
<status status="PASS" start="2026-05-08T10:12:44.823620" elapsed="0.000046"/>
</return>
<msg time="2026-05-08T10:12:44.823817" level="INFO">${msg} = bạn có 1 sản phẩm trong giỏ hàng.</msg>
<var>${msg}</var>
<status status="PASS" start="2026-05-08T10:12:44.803393" elapsed="0.020458"/>
</kw>
<kw name="Set Variable If" owner="BuiltIn">
<msg time="2026-05-08T10:12:44.824423" level="INFO">${final_msg} = ""</msg>
<var>${final_msg}</var>
<arg>'${alert_msg}'!=''</arg>
<arg>${alert_msg}</arg>
<arg>${msg}</arg>
<doc>Sets variable based on the given condition.</doc>
<status status="PASS" start="2026-05-08T10:12:44.823988" elapsed="0.000474"/>
</kw>
<kw name="Log" owner="BuiltIn">
<msg time="2026-05-08T10:12:44.824875" level="INFO">Final Message: ""</msg>
<arg>Final Message: ${final_msg}</arg>
<doc>Logs the given message with the given level.</doc>
<status status="PASS" start="2026-05-08T10:12:44.824601" elapsed="0.000331"/>
</kw>
<if>
<branch type="IF" condition="'${type}' == 'update'">
<kw name="Should Not Be Empty" owner="BuiltIn">
<arg>${final_msg}</arg>
<doc>Verifies that the given item is not empty.</doc>
<status status="NOT RUN" start="2026-05-08T10:12:44.825227" elapsed="0.000036"/>
</kw>
<status status="NOT RUN" start="2026-05-08T10:12:44.825028" elapsed="0.000288"/>
</branch>
<status status="PASS" start="2026-05-08T10:12:44.825005" elapsed="0.000356"/>
</if>
<var name="${item}">{'input': '1', 'type': 'one_product', 'expected': '1 sản phẩm'}</var>
<status status="PASS" start="2026-05-08T10:12:32.527942" elapsed="12.297450"/>
</iter>
<iter>
<kw name="Set Variable" owner="BuiltIn">
<msg time="2026-05-08T10:12:44.826355" level="INFO">${quantity} = 100000</msg>
<var>${quantity}</var>
<arg>${item['input']}</arg>
<doc>Returns the given values which can then be assigned to a variables.</doc>
<status status="PASS" start="2026-05-08T10:12:44.825702" elapsed="0.000692"/>
</kw>
<kw name="Set Variable" owner="BuiltIn">
<msg time="2026-05-08T10:12:44.827161" level="INFO">${type} = large_quantity</msg>
<var>${type}</var>
<arg>${item['type']}</arg>
<doc>Returns the given values which can then be assigned to a variables.</doc>
<status status="PASS" start="2026-05-08T10:12:44.826529" elapsed="0.000670"/>
</kw>
<kw name="Log" owner="BuiltIn">
<msg time="2026-05-08T10:12:44.827622" level="INFO">===== Quantity: 100000 =====</msg>
<arg>===== Quantity: ${quantity} =====</arg>
<doc>Logs the given message with the given level.</doc>
<status status="PASS" start="2026-05-08T10:12:44.827332" elapsed="0.000347"/>
</kw>
<kw name="Update Cart With Data" owner="update_cart_keywords">
<kw name="Open Product Page" owner="update_cart_page">
<kw name="Go To" owner="SeleniumLibrary">
<msg time="2026-05-08T10:12:44.828514" level="INFO">Opening url 'https://bepxinhvn.vn/products/10-hop-mica-nhua-trong-quai-xach-16x9x9cm'</msg>
<arg>${PRODUCT_URL}</arg>
<doc>Navigates the current browser window to the provided ``url``.</doc>
<status status="PASS" start="2026-05-08T10:12:44.828380" elapsed="0.576782"/>
</kw>
<kw name="Wait Until Element Is Visible" owner="SeleniumLibrary">
<arg>${ADD_TO_CART}</arg>
<arg>15s</arg>
<doc>Waits until the element ``locator`` is visible.</doc>
<status status="PASS" start="2026-05-08T10:12:45.405365" elapsed="0.017231"/>
</kw>
<status status="PASS" start="2026-05-08T10:12:44.828159" elapsed="0.594807"/>
</kw>
<kw name="Add To Cart" owner="update_cart_page">
<kw name="Click Element" owner="SeleniumLibrary">
<msg time="2026-05-08T10:12:45.424539" level="INFO">Clicking element 'id=add-to-cart'.</msg>
<arg>${ADD_TO_CART}</arg>
<doc>Click the element identified by ``locator``.</doc>
<status status="PASS" start="2026-05-08T10:12:45.424066" elapsed="0.300842"/>
</kw>
<kw name="Sleep" owner="BuiltIn">
<msg time="2026-05-08T10:12:47.726160" level="INFO">Slept 2 seconds.</msg>
<arg>2s</arg>
<doc>Pauses the test executed for the given time.</doc>
<status status="PASS" start="2026-05-08T10:12:45.725219" elapsed="2.001296"/>
</kw>
<status status="PASS" start="2026-05-08T10:12:45.423374" elapsed="2.303514"/>
</kw>
<kw name="Update Quantity" owner="update_cart_page">
<kw name="Wait Until Element Is Visible" owner="SeleniumLibrary">
<arg>${QUANTITY_INPUT}</arg>
<arg>10s</arg>
<doc>Waits until the element ``locator`` is visible.</doc>
<status status="PASS" start="2026-05-08T10:12:47.728753" elapsed="0.059737"/>
</kw>
<kw name="Clear Element Text" owner="SeleniumLibrary">
<arg>${QUANTITY_INPUT}</arg>
<doc>Clears the value of the text-input-element identified by ``locator``.</doc>
<status status="PASS" start="2026-05-08T10:12:47.789738" elapsed="0.116783"/>
</kw>
<kw name="Input Text" owner="SeleniumLibrary">
<msg time="2026-05-08T10:12:47.908463" level="INFO">Typing text '100000' into text field 'id=quantity1'.</msg>
<arg>${QUANTITY_INPUT}</arg>
<arg>${quantity}</arg>
<doc>Types the given ``text`` into the text field identified by ``locator``.</doc>
<status status="PASS" start="2026-05-08T10:12:47.907171" elapsed="0.142916"/>
</kw>
<kw name="Sleep" owner="BuiltIn">
<msg time="2026-05-08T10:12:49.051660" level="INFO">Slept 1 second.</msg>
<arg>1s</arg>
<doc>Pauses the test executed for the given time.</doc>
<status status="PASS" start="2026-05-08T10:12:48.050293" elapsed="1.001991"/>
</kw>
<arg>${quantity}</arg>
<status status="PASS" start="2026-05-08T10:12:47.727567" elapsed="1.325430"/>
</kw>
<arg>${quantity}</arg>
<status status="PASS" start="2026-05-08T10:12:44.827848" elapsed="4.225512"/>
</kw>
<kw name="Click Update Button" owner="update_cart_page">
<kw name="Wait Until Element Is Visible" owner="SeleniumLibrary">
<arg>${UPDATE_BUTTON}</arg>
<arg>10s</arg>
<doc>Waits until the element ``locator`` is visible.</doc>
<status status="PASS" start="2026-05-08T10:12:49.056192" elapsed="0.060740"/>
</kw>
<kw name="Execute Javascript" owner="SeleniumLibrary">
<msg time="2026-05-08T10:12:49.118977" level="INFO">Executing JavaScript:
document.getElementById('update-cart-modal').click()
Without any arguments.</msg>
<arg>document.getElementById('update-cart-modal').click()</arg>
<doc>Executes the given JavaScript code with possible arguments.</doc>
<status status="PASS" start="2026-05-08T10:12:49.117589" elapsed="0.018324"/>
</kw>
<kw name="Sleep" owner="BuiltIn">
<msg time="2026-05-08T10:12:51.137532" level="INFO">Slept 2 seconds.</msg>
<arg>2s</arg>
<doc>Pauses the test executed for the given time.</doc>
<status status="PASS" start="2026-05-08T10:12:49.136391" elapsed="2.001485"/>
</kw>
<kw name="Run Keyword And Return Status" owner="BuiltIn">
<kw name="Alert Should Be Present" owner="SeleniumLibrary">
<msg time="2026-05-08T10:12:51.140952" level="INFO">HANDLE::&lt;class 'NoneType'&gt;::None</msg>
<msg time="2026-05-08T10:12:56.395231" level="INFO" html="true">&lt;/td&gt;&lt;/tr&gt;&lt;tr&gt;&lt;td colspan="3"&gt;&lt;a href="selenium-screenshot-107.png"&gt;&lt;img src="selenium-screenshot-107.png" width="800px"&gt;&lt;/a&gt;</msg>
<msg time="2026-05-08T10:12:56.395394" level="FAIL">Alert not found in 5 seconds.</msg>
<doc>Verifies that an alert is present and by default, accepts it.</doc>
<status status="FAIL" start="2026-05-08T10:12:51.140366" elapsed="5.256574">Alert not found in 5 seconds.</status>
</kw>
<msg time="2026-05-08T10:12:56.397094" level="INFO">${alert_status} = False</msg>
<var>${alert_status}</var>
<arg>Alert Should Be Present</arg>
<doc>Runs the specified keyword and returns the status as a Boolean value.</doc>
<status status="PASS" start="2026-05-08T10:12:51.138622" elapsed="5.258508"/>
</kw>
<if>
<branch type="IF" condition="${alert_status}">
<kw name="Get Alert Message">
<var>${alert_text}</var>
<status status="NOT RUN" start="2026-05-08T10:12:56.397455" elapsed="0.000036"/>
</kw>
<kw name="Log" owner="BuiltIn">
<arg>ALERT: ${alert_text}</arg>
<doc>Logs the given message with the given level.</doc>
<status status="NOT RUN" start="2026-05-08T10:12:56.397611" elapsed="0.000035"/>
</kw>
<kw name="Handle Alert" owner="SeleniumLibrary">
<arg>ACCEPT</arg>
<doc>Handles the current alert and returns its message.</doc>
<status status="NOT RUN" start="2026-05-08T10:12:56.397764" elapsed="0.000032"/>
</kw>
<return>
<value>${alert_text}</value>
<status status="NOT RUN" start="2026-05-08T10:12:56.397856" elapsed="0.000033"/>
</return>
<status status="NOT RUN" start="2026-05-08T10:12:56.397247" elapsed="0.000690"/>
</branch>
<status status="PASS" start="2026-05-08T10:12:56.397222" elapsed="0.000756"/>
</if>
<return>
<value>""</value>
<status status="PASS" start="2026-05-08T10:12:56.398017" elapsed="0.000040"/>
</return>
<msg time="2026-05-08T10:12:56.398191" level="INFO">${alert_msg} = ""</msg>
<var>${alert_msg}</var>
<status status="PASS" start="2026-05-08T10:12:49.054533" elapsed="7.343692"/>
</kw>
<kw name="Get Result Message" owner="update_cart_page">
<kw name="Run Keyword And Ignore Error" owner="BuiltIn">
<kw name="Get Text" owner="SeleniumLibrary">
<arg>${RESULT_MESSAGE}</arg>
<doc>Returns the text value of the element identified by ``locator``.</doc>
<status status="PASS" start="2026-05-08T10:12:56.399040" elapsed="0.019425"/>
</kw>
<msg time="2026-05-08T10:12:56.418636" level="INFO">${status} = PASS</msg>
<msg time="2026-05-08T10:12:56.418693" level="INFO">${msg} = BẠN CÓ 100000 SẢN PHẨM TRONG GIỎ HÀNG.</msg>
<var>${status}</var>
<var>${msg}</var>
<arg>Get Text</arg>
<arg>${RESULT_MESSAGE}</arg>
<doc>Runs the given keyword with the given arguments and ignores possible error.</doc>
<status status="PASS" start="2026-05-08T10:12:56.398702" elapsed="0.020024"/>
</kw>
<if>
<branch type="IF" condition="'${status}' == 'FAIL'">
<return>
<value>""</value>
<status status="NOT RUN" start="2026-05-08T10:12:56.419009" elapsed="0.000032"/>
</return>
<status status="NOT RUN" start="2026-05-08T10:12:56.418842" elapsed="0.000250"/>
</branch>
<status status="PASS" start="2026-05-08T10:12:56.418816" elapsed="0.000318"/>
</if>
<kw name="Convert To Lower Case" owner="String">
<msg time="2026-05-08T10:12:56.419489" level="INFO">${msg} = bạn có 100000 sản phẩm trong giỏ hàng.</msg>
<var>${msg}</var>
<arg>${msg}</arg>
<doc>Converts string to lower case.</doc>
<status status="PASS" start="2026-05-08T10:12:56.419267" elapsed="0.000259"/>
</kw>
<return>
<value>${msg}</value>
<status status="PASS" start="2026-05-08T10:12:56.419593" elapsed="0.000046"/>
</return>
<msg time="2026-05-08T10:12:56.419789" level="INFO">${msg} = bạn có 100000 sản phẩm trong giỏ hàng.</msg>
<var>${msg}</var>
<status status="PASS" start="2026-05-08T10:12:56.398445" elapsed="0.021378"/>
</kw>
<kw name="Set Variable If" owner="BuiltIn">
<msg time="2026-05-08T10:12:56.420387" level="INFO">${final_msg} = ""</msg>
<var>${final_msg}</var>
<arg>'${alert_msg}'!=''</arg>
<arg>${alert_msg}</arg>
<arg>${msg}</arg>
<doc>Sets variable based on the given condition.</doc>
<status status="PASS" start="2026-05-08T10:12:56.419955" elapsed="0.000470"/>
</kw>
<kw name="Log" owner="BuiltIn">
<msg time="2026-05-08T10:12:56.420941" level="INFO">Final Message: ""</msg>
<arg>Final Message: ${final_msg}</arg>
<doc>Logs the given message with the given level.</doc>
<status status="PASS" start="2026-05-08T10:12:56.420602" elapsed="0.000398"/>
</kw>
<if>
<branch type="IF" condition="'${type}' == 'update'">
<kw name="Should Not Be Empty" owner="BuiltIn">
<arg>${final_msg}</arg>
<doc>Verifies that the given item is not empty.</doc>
<status status="NOT RUN" start="2026-05-08T10:12:56.421318" elapsed="0.000168"/>
</kw>
<status status="NOT RUN" start="2026-05-08T10:12:56.421101" elapsed="0.000445"/>
</branch>
<status status="PASS" start="2026-05-08T10:12:56.421079" elapsed="0.000516"/>
</if>
<var name="${item}">{'input': '100000', 'type': 'large_quantity', 'expected': '100000 sản phẩm'}</var>
<status status="PASS" start="2026-05-08T10:12:44.825595" elapsed="11.596031"/>
</iter>
<var>${item}</var>
<value>@{data}</value>
<status status="PASS" start="2026-05-08T10:12:20.333197" elapsed="36.088492"/>
</for>
<status status="PASS" start="2026-05-08T10:12:20.322797" elapsed="36.099292"/>
</test>
<status status="PASS" start="2026-05-08T10:12:16.298886" elapsed="40.124187"/>
</suite>
<statistics>
<total>
<stat pass="1" fail="0" skip="0">All Tests</stat>
</total>
<tag>
</tag>
<suite>
<stat name="Test Update Cart" id="s1" pass="1" fail="0" skip="0">Test Update Cart</stat>
</suite>
</statistics>
<errors>
</errors>
</robot>
