<?xml version="1.0" encoding="UTF-8"?>
<robot generator="Robot 7.4.2 (Python 3.13.7 on win32)" generated="2026-05-07T14:57:52.867995" rpa="false" schemaversion="5">
<suite id="s1" name="Test Login" source="C:\LeThiThom\DATN\tests\test_login.robot">
<kw name="Open Browser To Website" owner="common" type="SETUP">
<kw name="Open Browser" owner="SeleniumLibrary">
<msg time="2026-05-07T14:57:54.048577" level="INFO">Opening browser 'Chrome' to base url 'https://bepxinhvn.vn/'.</msg>
<arg>${URL}</arg>
<arg>${BROWSER}</arg>
<doc>Opens a new browser instance to the optional ``url``.</doc>
<status status="PASS" start="2026-05-07T14:57:54.048243" elapsed="6.341501"/>
</kw>
<kw name="Maximize Browser Window" owner="SeleniumLibrary">
<doc>Maximizes current browser window.</doc>
<status status="PASS" start="2026-05-07T14:58:00.390761" elapsed="1.431238"/>
</kw>
<status status="PASS" start="2026-05-07T14:57:54.047147" elapsed="7.776287"/>
</kw>
<test id="s1-t1" name="Login Data Driven (Type)" line="14">
<kw name="Run Keyword If" owner="BuiltIn">
<kw name="Load Json Data" owner="data_reader">
<arg>data/Data_Login.json</arg>
<status status="PASS" start="2026-05-07T14:58:01.826094" elapsed="0.000910"/>
</kw>
<msg time="2026-05-07T14:58:01.828243" level="INFO">${data} = [{'email': '', 'password': '', 'type': 'empty_all', 'expected': 'Please fill out this field'}, {'email': '', 'password': 'ddd28', 'type': 'email_empty', 'expected': 'Please fill out this field'}, {'em...</msg>
<var>${data}</var>
<arg>'${DATA_TYPE}'=='json'</arg>
<arg>Load Json Data</arg>
<arg>data/Data_Login.json</arg>
<arg>ELSE</arg>
<arg>Load Excel Data</arg>
<arg>data/Data_Login.xlsx</arg>
<doc>Runs the given keyword with the given arguments, if ``condition`` is true.</doc>
<status status="PASS" start="2026-05-07T14:58:01.824767" elapsed="0.003577"/>
</kw>
<for flavor="IN">
<iter>
<kw name="Set Variable" owner="BuiltIn">
<msg time="2026-05-07T14:58:01.831045" level="INFO">${email} = </msg>
<var>${email}</var>
<arg>${item['email']}</arg>
<doc>Returns the given values which can then be assigned to a variables.</doc>
<status status="PASS" start="2026-05-07T14:58:01.829505" elapsed="0.001631"/>
</kw>
<kw name="Set Variable" owner="BuiltIn">
<msg time="2026-05-07T14:58:01.834261" level="INFO">${password} = </msg>
<var>${password}</var>
<arg>${item['password']}</arg>
<doc>Returns the given values which can then be assigned to a variables.</doc>
<status status="PASS" start="2026-05-07T14:58:01.831461" elapsed="0.002988"/>
</kw>
<kw name="Set Variable" owner="BuiltIn">
<msg time="2026-05-07T14:58:01.836102" level="INFO">${type} = empty_all</msg>
<var>${type}</var>
<arg>${item['type']}</arg>
<doc>Returns the given values which can then be assigned to a variables.</doc>
<status status="PASS" start="2026-05-07T14:58:01.834754" elapsed="0.001437"/>
</kw>
<kw name="Log" owner="BuiltIn">
<msg time="2026-05-07T14:58:01.837060" level="INFO">=====  =====</msg>
<arg>===== ${email} =====</arg>
<doc>Logs the given message with the given level.</doc>
<status status="PASS" start="2026-05-07T14:58:01.836475" elapsed="0.000691"/>
</kw>
<kw name="Login With Data" owner="login_keywords">
<kw name="Click Login Link" owner="login_page">
<kw name="Click Element" owner="SeleniumLibrary">
<msg time="2026-05-07T14:58:01.839285" level="INFO">Clicking element 'xpath=//a[contains(text(),'Đăng nhập')]'.</msg>
<arg>${A_LOGIN}</arg>
<doc>Click the element identified by ``locator``.</doc>
<status status="PASS" start="2026-05-07T14:58:01.838652" elapsed="1.363282"/>
</kw>
<status status="PASS" start="2026-05-07T14:58:01.838230" elapsed="1.364026"/>
</kw>
<kw name="Enter Email" owner="login_page">
<kw name="Input Text" owner="SeleniumLibrary">
<msg time="2026-05-07T14:58:03.204368" level="INFO">Typing text '' into text field 'id=customer_email'.</msg>
<arg>${USERNAME_INPUT}</arg>
<arg>${email}</arg>
<doc>Types the given ``text`` into the text field identified by ``locator``.</doc>
<status status="PASS" start="2026-05-07T14:58:03.203650" elapsed="0.131275"/>
</kw>
<arg>${email}</arg>
<status status="PASS" start="2026-05-07T14:58:03.202764" elapsed="0.132411"/>
</kw>
<kw name="Enter Password" owner="login_page">
<kw name="Input Text" owner="SeleniumLibrary">
<msg time="2026-05-07T14:58:03.337197" level="INFO">Typing text '' into text field 'id=customer_password'.</msg>
<arg>${PASSWORD_INPUT}</arg>
<arg>${password}</arg>
<doc>Types the given ``text`` into the text field identified by ``locator``.</doc>
<status status="PASS" start="2026-05-07T14:58:03.336530" elapsed="0.122107"/>
</kw>
<arg>${password}</arg>
<status status="PASS" start="2026-05-07T14:58:03.335627" elapsed="0.123138"/>
</kw>
<kw name="Click Login Button" owner="login_page">
<kw name="Click Button" owner="SeleniumLibrary">
<msg time="2026-05-07T14:58:03.459630" level="INFO">Clicking button 'xpath=//input[@value='Đăng nhập']'.</msg>
<arg>${LOGIN_BUTTON}</arg>
<doc>Clicks the button identified by ``locator``.</doc>
<status status="PASS" start="2026-05-07T14:58:03.459323" elapsed="0.217575"/>
</kw>
<status status="PASS" start="2026-05-07T14:58:03.458990" elapsed="0.218176"/>
</kw>
<arg>${email}</arg>
<arg>${password}</arg>
<status status="PASS" start="2026-05-07T14:58:01.837540" elapsed="1.839740"/>
</kw>
<if>
<branch type="IF" condition="'${type}' == 'email_empty'">
<kw name="Get Browser Validation Message" owner="login_page">
<var>${msg}</var>
<arg>${USERNAME_INPUT}</arg>
<status status="NOT RUN" start="2026-05-07T14:58:03.678229" elapsed="0.000072"/>
</kw>
<kw name="Should Not Be Empty" owner="BuiltIn">
<arg>${msg}</arg>
<doc>Verifies that the given item is not empty.</doc>
<status status="NOT RUN" start="2026-05-07T14:58:03.678548" elapsed="0.000058"/>
</kw>
<status status="NOT RUN" start="2026-05-07T14:58:03.677561" elapsed="0.001136"/>
</branch>
<branch type="ELSE IF" condition="'${type}' == 'email_invalid'">
<kw name="Get Browser Validation Message" owner="login_page">
<var>${msg}</var>
<arg>${USERNAME_INPUT}</arg>
<status status="NOT RUN" start="2026-05-07T14:58:03.679302" elapsed="0.000071"/>
</kw>
<kw name="Should Not Be Empty" owner="BuiltIn">
<arg>${msg}</arg>
<doc>Verifies that the given item is not empty.</doc>
<status status="NOT RUN" start="2026-05-07T14:58:03.679594" elapsed="0.000057"/>
</kw>
<status status="NOT RUN" start="2026-05-07T14:58:03.678799" elapsed="0.000941"/>
</branch>
<branch type="ELSE IF" condition="'${type}' == 'login_fail'">
<kw name="Page Should Contain Element" owner="SeleniumLibrary">
<arg>${ERROR_MESSAGE}</arg>
<doc>Verifies that element ``locator`` is found on the current page.</doc>
<status status="NOT RUN" start="2026-05-07T14:58:03.680214" elapsed="0.000055"/>
</kw>
<status status="NOT RUN" start="2026-05-07T14:58:03.679857" elapsed="0.000501"/>
</branch>
<branch type="ELSE IF" condition="'${type}' == 'login_success'">
<kw name="Page Should Contain Element" owner="SeleniumLibrary">
<arg>${SUCCESS_MESSAGE}</arg>
<doc>Verifies that element ``locator`` is found on the current page.</doc>
<status status="NOT RUN" start="2026-05-07T14:58:03.680766" elapsed="0.000054"/>
</kw>
<status status="NOT RUN" start="2026-05-07T14:58:03.680452" elapsed="0.000476"/>
</branch>
<status status="PASS" start="2026-05-07T14:58:03.677484" elapsed="0.003544"/>
</if>
<kw name="Reload Page" owner="SeleniumLibrary">
<doc>Simulates user reloading page.</doc>
<status status="PASS" start="2026-05-07T14:58:03.681220" elapsed="0.534254"/>
</kw>
<var name="${item}">{'email': '', 'password': '', 'type': 'empty_all', 'expected': 'Please fill out this field'}</var>
<status status="PASS" start="2026-05-07T14:58:01.829264" elapsed="2.386376"/>
</iter>
<iter>
<kw name="Set Variable" owner="BuiltIn">
<msg time="2026-05-07T14:58:04.218461" level="INFO">${email} = </msg>
<var>${email}</var>
<arg>${item['email']}</arg>
<doc>Returns the given values which can then be assigned to a variables.</doc>
<status status="PASS" start="2026-05-07T14:58:04.216681" elapsed="0.001877"/>
</kw>
<kw name="Set Variable" owner="BuiltIn">
<msg time="2026-05-07T14:58:04.221149" level="INFO">${password} = ddd28</msg>
<var>${password}</var>
<arg>${item['password']}</arg>
<doc>Returns the given values which can then be assigned to a variables.</doc>
<status status="PASS" start="2026-05-07T14:58:04.218935" elapsed="0.002332"/>
</kw>
<kw name="Set Variable" owner="BuiltIn">
<msg time="2026-05-07T14:58:04.223664" level="INFO">${type} = email_empty</msg>
<var>${type}</var>
<arg>${item['type']}</arg>
<doc>Returns the given values which can then be assigned to a variables.</doc>
<status status="PASS" start="2026-05-07T14:58:04.221661" elapsed="0.002101"/>
</kw>
<kw name="Log" owner="BuiltIn">
<msg time="2026-05-07T14:58:04.224972" level="INFO">=====  =====</msg>
<arg>===== ${email} =====</arg>
<doc>Logs the given message with the given level.</doc>
<status status="PASS" start="2026-05-07T14:58:04.224143" elapsed="0.000990"/>
</kw>
<kw name="Login With Data" owner="login_keywords">
<kw name="Click Login Link" owner="login_page">
<kw name="Click Element" owner="SeleniumLibrary">
<msg time="2026-05-07T14:58:04.228174" level="INFO">Clicking element 'xpath=//a[contains(text(),'Đăng nhập')]'.</msg>
<arg>${A_LOGIN}</arg>
<doc>Click the element identified by ``locator``.</doc>
<status status="PASS" start="2026-05-07T14:58:04.227671" elapsed="1.020236"/>
</kw>
<status status="PASS" start="2026-05-07T14:58:04.227099" elapsed="1.021543"/>
</kw>
<kw name="Enter Email" owner="login_page">
<kw name="Input Text" owner="SeleniumLibrary">
<msg time="2026-05-07T14:58:05.251035" level="INFO">Typing text '' into text field 'id=customer_email'.</msg>
<arg>${USERNAME_INPUT}</arg>
<arg>${email}</arg>
<doc>Types the given ``text`` into the text field identified by ``locator``.</doc>
<status status="PASS" start="2026-05-07T14:58:05.250294" elapsed="0.179287"/>
</kw>
<arg>${email}</arg>
<status status="PASS" start="2026-05-07T14:58:05.249079" elapsed="0.180802"/>
</kw>
<kw name="Enter Password" owner="login_page">
<kw name="Input Text" owner="SeleniumLibrary">
<msg time="2026-05-07T14:58:05.437738" level="INFO">Typing text 'ddd28' into text field 'id=customer_password'.</msg>
<arg>${PASSWORD_INPUT}</arg>
<arg>${password}</arg>
<doc>Types the given ``text`` into the text field identified by ``locator``.</doc>
<status status="PASS" start="2026-05-07T14:58:05.431187" elapsed="0.174817"/>
</kw>
<arg>${password}</arg>
<status status="PASS" start="2026-05-07T14:58:05.430367" elapsed="0.175901"/>
</kw>
<kw name="Click Login Button" owner="login_page">
<kw name="Click Button" owner="SeleniumLibrary">
<msg time="2026-05-07T14:58:05.607798" level="INFO">Clicking button 'xpath=//input[@value='Đăng nhập']'.</msg>
<arg>${LOGIN_BUTTON}</arg>
<doc>Clicks the button identified by ``locator``.</doc>
<status status="PASS" start="2026-05-07T14:58:05.607311" elapsed="0.119293"/>
</kw>
<status status="PASS" start="2026-05-07T14:58:05.606718" elapsed="0.121363"/>
</kw>
<arg>${email}</arg>
<arg>${password}</arg>
<status status="PASS" start="2026-05-07T14:58:04.226115" elapsed="1.502307"/>
</kw>
<if>
<branch type="IF" condition="'${type}' == 'email_empty'">
<kw name="Get Browser Validation Message" owner="login_page">
<kw name="Get Element Attribute" owner="SeleniumLibrary">
<msg time="2026-05-07T14:58:05.766440" level="INFO">${msg} = Please fill out this field.</msg>
<var>${msg}</var>
<arg>${locator}</arg>
<arg>validationMessage</arg>
<doc>Returns the value of ``attribute`` from the element ``locator``.</doc>
<status status="PASS" start="2026-05-07T14:58:05.729880" elapsed="0.036795"/>
</kw>
<return>
<value>${msg}</value>
<status status="PASS" start="2026-05-07T14:58:05.766888" elapsed="0.000157"/>
</return>
<msg time="2026-05-07T14:58:05.767419" level="INFO">${msg} = Please fill out this field.</msg>
<var>${msg}</var>
<arg>${USERNAME_INPUT}</arg>
<status status="PASS" start="2026-05-07T14:58:05.729253" elapsed="0.038242"/>
</kw>
<kw name="Should Not Be Empty" owner="BuiltIn">
<msg time="2026-05-07T14:58:05.769144" level="INFO">Length is 27.</msg>
<arg>${msg}</arg>
<doc>Verifies that the given item is not empty.</doc>
<status status="PASS" start="2026-05-07T14:58:05.767797" elapsed="0.001503"/>
</kw>
<status status="PASS" start="2026-05-07T14:58:05.728658" elapsed="0.040783"/>
</branch>
<branch type="ELSE IF" condition="'${type}' == 'email_invalid'">
<kw name="Get Browser Validation Message" owner="login_page">
<var>${msg}</var>
<arg>${USERNAME_INPUT}</arg>
<status status="NOT RUN" start="2026-05-07T14:58:05.770213" elapsed="0.000153"/>
</kw>
<kw name="Should Not Be Empty" owner="BuiltIn">
<arg>${msg}</arg>
<doc>Verifies that the given item is not empty.</doc>
<status status="NOT RUN" start="2026-05-07T14:58:05.770799" elapsed="0.000594"/>
</kw>
<status status="NOT RUN" start="2026-05-07T14:58:05.769549" elapsed="0.002262"/>
</branch>
<branch type="ELSE IF" condition="'${type}' == 'login_fail'">
<kw name="Page Should Contain Element" owner="SeleniumLibrary">
<arg>${ERROR_MESSAGE}</arg>
<doc>Verifies that element ``locator`` is found on the current page.</doc>
<status status="NOT RUN" start="2026-05-07T14:58:05.772492" elapsed="0.000077"/>
</kw>
<status status="NOT RUN" start="2026-05-07T14:58:05.772094" elapsed="0.000600"/>
</branch>
<branch type="ELSE IF" condition="'${type}' == 'login_success'">
<kw name="Page Should Contain Element" owner="SeleniumLibrary">
<arg>${SUCCESS_MESSAGE}</arg>
<doc>Verifies that element ``locator`` is found on the current page.</doc>
<status status="NOT RUN" start="2026-05-07T14:58:05.773071" elapsed="0.000078"/>
</kw>
<status status="NOT RUN" start="2026-05-07T14:58:05.772810" elapsed="0.000448"/>
</branch>
<status status="PASS" start="2026-05-07T14:58:05.728607" elapsed="0.044743"/>
</if>
<kw name="Reload Page" owner="SeleniumLibrary">
<doc>Simulates user reloading page.</doc>
<status status="PASS" start="2026-05-07T14:58:05.773560" elapsed="0.352115"/>
</kw>
<var name="${item}">{'email': '', 'password': 'ddd28', 'type': 'email_empty', 'expected': 'Please fill out this field'}</var>
<status status="PASS" start="2026-05-07T14:58:04.216333" elapsed="1.909450"/>
</iter>
<iter>
<kw name="Set Variable" owner="BuiltIn">
<msg time="2026-05-07T14:58:06.127140" level="INFO">${email} = lethithom2004</msg>
<var>${email}</var>
<arg>${item['email']}</arg>
<doc>Returns the given values which can then be assigned to a variables.</doc>
<status status="PASS" start="2026-05-07T14:58:06.126220" elapsed="0.000966"/>
</kw>
<kw name="Set Variable" owner="BuiltIn">
<msg time="2026-05-07T14:58:06.128023" level="INFO">${password} = dgc127</msg>
<var>${password}</var>
<arg>${item['password']}</arg>
<doc>Returns the given values which can then be assigned to a variables.</doc>
<status status="PASS" start="2026-05-07T14:58:06.127346" elapsed="0.000716"/>
</kw>
<kw name="Set Variable" owner="BuiltIn">
<msg time="2026-05-07T14:58:06.128948" level="INFO">${type} = email_invalid</msg>
<var>${type}</var>
<arg>${item['type']}</arg>
<doc>Returns the given values which can then be assigned to a variables.</doc>
<status status="PASS" start="2026-05-07T14:58:06.128202" elapsed="0.000786"/>
</kw>
<kw name="Log" owner="BuiltIn">
<msg time="2026-05-07T14:58:06.129439" level="INFO">===== lethithom2004 =====</msg>
<arg>===== ${email} =====</arg>
<doc>Logs the given message with the given level.</doc>
<status status="PASS" start="2026-05-07T14:58:06.129131" elapsed="0.000376"/>
</kw>
<kw name="Login With Data" owner="login_keywords">
<kw name="Click Login Link" owner="login_page">
<kw name="Click Element" owner="SeleniumLibrary">
<msg time="2026-05-07T14:58:06.130632" level="INFO">Clicking element 'xpath=//a[contains(text(),'Đăng nhập')]'.</msg>
<arg>${A_LOGIN}</arg>
<doc>Click the element identified by ``locator``.</doc>
<status status="PASS" start="2026-05-07T14:58:06.130404" elapsed="0.722809"/>
</kw>
<status status="PASS" start="2026-05-07T14:58:06.130138" elapsed="0.723225"/>
</kw>
<kw name="Enter Email" owner="login_page">
<kw name="Input Text" owner="SeleniumLibrary">
<msg time="2026-05-07T14:58:06.854458" level="INFO">Typing text 'lethithom2004' into text field 'id=customer_email'.</msg>
<arg>${USERNAME_INPUT}</arg>
<arg>${email}</arg>
<doc>Types the given ``text`` into the text field identified by ``locator``.</doc>
<status status="PASS" start="2026-05-07T14:58:06.853996" elapsed="0.173723"/>
</kw>
<arg>${email}</arg>
<status status="PASS" start="2026-05-07T14:58:06.853588" elapsed="0.174324"/>
</kw>
<kw name="Enter Password" owner="login_page">
<kw name="Input Text" owner="SeleniumLibrary">
<msg time="2026-05-07T14:58:07.029126" level="INFO">Typing text 'dgc127' into text field 'id=customer_password'.</msg>
<arg>${PASSWORD_INPUT}</arg>
<arg>${password}</arg>
<doc>Types the given ``text`` into the text field identified by ``locator``.</doc>
<status status="PASS" start="2026-05-07T14:58:07.028744" elapsed="0.108533"/>
</kw>
<arg>${password}</arg>
<status status="PASS" start="2026-05-07T14:58:07.028202" elapsed="0.109259"/>
</kw>
<kw name="Click Login Button" owner="login_page">
<kw name="Click Button" owner="SeleniumLibrary">
<msg time="2026-05-07T14:58:07.138241" level="INFO">Clicking button 'xpath=//input[@value='Đăng nhập']'.</msg>
<arg>${LOGIN_BUTTON}</arg>
<doc>Clicks the button identified by ``locator``.</doc>
<status status="PASS" start="2026-05-07T14:58:07.138005" elapsed="0.115596"/>
</kw>
<status status="PASS" start="2026-05-07T14:58:07.137698" elapsed="0.116137"/>
</kw>
<arg>${email}</arg>
<arg>${password}</arg>
<status status="PASS" start="2026-05-07T14:58:06.129720" elapsed="1.124653"/>
</kw>
<if>
<branch type="IF" condition="'${type}' == 'email_empty'">
<kw name="Get Browser Validation Message" owner="login_page">
<var>${msg}</var>
<arg>${USERNAME_INPUT}</arg>
<status status="NOT RUN" start="2026-05-07T14:58:07.255906" elapsed="0.000080"/>
</kw>
<kw name="Should Not Be Empty" owner="BuiltIn">
<arg>${msg}</arg>
<doc>Verifies that the given item is not empty.</doc>
<status status="NOT RUN" start="2026-05-07T14:58:07.256172" elapsed="0.000047"/>
</kw>
<status status="NOT RUN" start="2026-05-07T14:58:07.255063" elapsed="0.001222"/>
</branch>
<branch type="ELSE IF" condition="'${type}' == 'email_invalid'">
<kw name="Get Browser Validation Message" owner="login_page">
<kw name="Get Element Attribute" owner="SeleniumLibrary">
<msg time="2026-05-07T14:58:07.274400" level="INFO">${msg} = Please include an '@' in the email address. 'lethithom2004' is missing an '@'.</msg>
<var>${msg}</var>
<arg>${locator}</arg>
<arg>validationMessage</arg>
<doc>Returns the value of ``attribute`` from the element ``locator``.</doc>
<status status="PASS" start="2026-05-07T14:58:07.256977" elapsed="0.017482"/>
</kw>
<return>
<value>${msg}</value>
<status status="PASS" start="2026-05-07T14:58:07.274563" elapsed="0.000066"/>
</return>
<msg time="2026-05-07T14:58:07.274809" level="INFO">${msg} = Please include an '@' in the email address. 'lethithom2004' is missing an '@'.</msg>
<var>${msg}</var>
<arg>${USERNAME_INPUT}</arg>
<status status="PASS" start="2026-05-07T14:58:07.256652" elapsed="0.018194"/>
</kw>
<kw name="Should Not Be Empty" owner="BuiltIn">
<msg time="2026-05-07T14:58:07.275347" level="INFO">Length is 78.</msg>
<arg>${msg}</arg>
<doc>Verifies that the given item is not empty.</doc>
<status status="PASS" start="2026-05-07T14:58:07.275002" elapsed="0.000407"/>
</kw>
<status status="PASS" start="2026-05-07T14:58:07.256357" elapsed="0.019114"/>
</branch>
<branch type="ELSE IF" condition="'${type}' == 'login_fail'">
<kw name="Page Should Contain Element" owner="SeleniumLibrary">
<arg>${ERROR_MESSAGE}</arg>
<doc>Verifies that element ``locator`` is found on the current page.</doc>
<status status="NOT RUN" start="2026-05-07T14:58:07.275656" elapsed="0.000037"/>
</kw>
<status status="NOT RUN" start="2026-05-07T14:58:07.275525" elapsed="0.000219"/>
</branch>
<branch type="ELSE IF" condition="'${type}' == 'login_success'">
<kw name="Page Should Contain Element" owner="SeleniumLibrary">
<arg>${SUCCESS_MESSAGE}</arg>
<doc>Verifies that element ``locator`` is found on the current page.</doc>
<status status="NOT RUN" start="2026-05-07T14:58:07.275971" elapsed="0.000039"/>
</kw>
<status status="NOT RUN" start="2026-05-07T14:58:07.275790" elapsed="0.000272"/>
</branch>
<status status="PASS" start="2026-05-07T14:58:07.254921" elapsed="0.021185"/>
</if>
<kw name="Reload Page" owner="SeleniumLibrary">
<doc>Simulates user reloading page.</doc>
<status status="PASS" start="2026-05-07T14:58:07.276205" elapsed="0.418276"/>
</kw>
<var name="${item}">{'email': 'lethithom2004', 'password': 'dgc127', 'type': 'email_invalid', 'expected': "Please include an '@'"}</var>
<status status="PASS" start="2026-05-07T14:58:06.126080" elapsed="1.568497"/>
</iter>
<iter>
<kw name="Set Variable" owner="BuiltIn">
<msg time="2026-05-07T14:58:07.697030" level="INFO">${email} = lethithom2004@gmail.com</msg>
<var>${email}</var>
<arg>${item['email']}</arg>
<doc>Returns the given values which can then be assigned to a variables.</doc>
<status status="PASS" start="2026-05-07T14:58:07.695457" elapsed="0.001650"/>
</kw>
<kw name="Set Variable" owner="BuiltIn">
<msg time="2026-05-07T14:58:07.699315" level="INFO">${password} = </msg>
<var>${password}</var>
<arg>${item['password']}</arg>
<doc>Returns the given values which can then be assigned to a variables.</doc>
<status status="PASS" start="2026-05-07T14:58:07.697417" elapsed="0.001988"/>
</kw>
<kw name="Set Variable" owner="BuiltIn">
<msg time="2026-05-07T14:58:07.701238" level="INFO">${type} = password_empty</msg>
<var>${type}</var>
<arg>${item['type']}</arg>
<doc>Returns the given values which can then be assigned to a variables.</doc>
<status status="PASS" start="2026-05-07T14:58:07.699727" elapsed="0.001590"/>
</kw>
<kw name="Log" owner="BuiltIn">
<msg time="2026-05-07T14:58:07.702210" level="INFO">===== lethithom2004@gmail.com =====</msg>
<arg>===== ${email} =====</arg>
<doc>Logs the given message with the given level.</doc>
<status status="PASS" start="2026-05-07T14:58:07.701607" elapsed="0.000720"/>
</kw>
<kw name="Login With Data" owner="login_keywords">
<kw name="Click Login Link" owner="login_page">
<kw name="Click Element" owner="SeleniumLibrary">
<msg time="2026-05-07T14:58:07.704206" level="INFO">Clicking element 'xpath=//a[contains(text(),'Đăng nhập')]'.</msg>
<arg>${A_LOGIN}</arg>
<doc>Click the element identified by ``locator``.</doc>
<status status="PASS" start="2026-05-07T14:58:07.703782" elapsed="0.624747"/>
</kw>
<status status="PASS" start="2026-05-07T14:58:07.703330" elapsed="0.625326"/>
</kw>
<kw name="Enter Email" owner="login_page">
<kw name="Input Text" owner="SeleniumLibrary">
<msg time="2026-05-07T14:58:08.329462" level="INFO">Typing text 'lethithom2004@gmail.com' into text field 'id=customer_email'.</msg>
<arg>${USERNAME_INPUT}</arg>
<arg>${email}</arg>
<doc>Types the given ``text`` into the text field identified by ``locator``.</doc>
<status status="PASS" start="2026-05-07T14:58:08.329215" elapsed="0.273713"/>
</kw>
<arg>${email}</arg>
<status status="PASS" start="2026-05-07T14:58:08.328844" elapsed="0.274453"/>
</kw>
<kw name="Enter Password" owner="login_page">
<kw name="Input Text" owner="SeleniumLibrary">
<msg time="2026-05-07T14:58:08.604816" level="INFO">Typing text '' into text field 'id=customer_password'.</msg>
<arg>${PASSWORD_INPUT}</arg>
<arg>${password}</arg>
<doc>Types the given ``text`` into the text field identified by ``locator``.</doc>
<status status="PASS" start="2026-05-07T14:58:08.604341" elapsed="0.100742"/>
</kw>
<arg>${password}</arg>
<status status="PASS" start="2026-05-07T14:58:08.603681" elapsed="0.101534"/>
</kw>
<kw name="Click Login Button" owner="login_page">
<kw name="Click Button" owner="SeleniumLibrary">
<msg time="2026-05-07T14:58:08.705922" level="INFO">Clicking button 'xpath=//input[@value='Đăng nhập']'.</msg>
<arg>${LOGIN_BUTTON}</arg>
<doc>Clicks the button identified by ``locator``.</doc>
<status status="PASS" start="2026-05-07T14:58:08.705706" elapsed="0.078359"/>
</kw>
<status status="PASS" start="2026-05-07T14:58:08.705427" elapsed="0.079119"/>
</kw>
<arg>${email}</arg>
<arg>${password}</arg>
<status status="PASS" start="2026-05-07T14:58:07.702711" elapsed="1.082242"/>
</kw>
<if>
<branch type="IF" condition="'${type}' == 'email_empty'">
<kw name="Get Browser Validation Message" owner="login_page">
<var>${msg}</var>
<arg>${USERNAME_INPUT}</arg>
<status status="NOT RUN" start="2026-05-07T14:58:08.785993" elapsed="0.000053"/>
</kw>
<kw name="Should Not Be Empty" owner="BuiltIn">
<arg>${msg}</arg>
<doc>Verifies that the given item is not empty.</doc>
<status status="NOT RUN" start="2026-05-07T14:58:08.786187" elapsed="0.000039"/>
</kw>
<status status="NOT RUN" start="2026-05-07T14:58:08.785398" elapsed="0.000893"/>
</branch>
<branch type="ELSE IF" condition="'${type}' == 'email_invalid'">
<kw name="Get Browser Validation Message" owner="login_page">
<var>${msg}</var>
<arg>${USERNAME_INPUT}</arg>
<status status="NOT RUN" start="2026-05-07T14:58:08.786611" elapsed="0.000041"/>
</kw>
<kw name="Should Not Be Empty" owner="BuiltIn">
<arg>${msg}</arg>
<doc>Verifies that the given item is not empty.</doc>
<status status="NOT RUN" start="2026-05-07T14:58:08.786769" elapsed="0.000035"/>
</kw>
<status status="NOT RUN" start="2026-05-07T14:58:08.786343" elapsed="0.000512"/>
</branch>
<branch type="ELSE IF" condition="'${type}' == 'login_fail'">
<kw name="Page Should Contain Element" owner="SeleniumLibrary">
<arg>${ERROR_MESSAGE}</arg>
<doc>Verifies that element ``locator`` is found on the current page.</doc>
<status status="NOT RUN" start="2026-05-07T14:58:08.787112" elapsed="0.000036"/>
</kw>
<status status="NOT RUN" start="2026-05-07T14:58:08.786902" elapsed="0.000297"/>
</branch>
<branch type="ELSE IF" condition="'${type}' == 'login_success'">
<kw name="Page Should Contain Element" owner="SeleniumLibrary">
<arg>${SUCCESS_MESSAGE}</arg>
<doc>Verifies that element ``locator`` is found on the current page.</doc>
<status status="NOT RUN" start="2026-05-07T14:58:08.787454" elapsed="0.000040"/>
</kw>
<status status="NOT RUN" start="2026-05-07T14:58:08.787246" elapsed="0.000300"/>
</branch>
<status status="PASS" start="2026-05-07T14:58:08.785340" elapsed="0.002251"/>
</if>
<kw name="Reload Page" owner="SeleniumLibrary">
<doc>Simulates user reloading page.</doc>
<status status="PASS" start="2026-05-07T14:58:08.787692" elapsed="0.115268"/>
</kw>
<var name="${item}">{'email': 'lethithom2004@gmail.com', 'password': '', 'type': 'password_empty', 'expected': 'Please fill out this field'}</var>
<status status="PASS" start="2026-05-07T14:58:07.695148" elapsed="1.209134"/>
</iter>
<iter>
<kw name="Set Variable" owner="BuiltIn">
<msg time="2026-05-07T14:58:08.907646" level="INFO">${email} = lethithom@gmail.com</msg>
<var>${email}</var>
<arg>${item['email']}</arg>
<doc>Returns the given values which can then be assigned to a variables.</doc>
<status status="PASS" start="2026-05-07T14:58:08.905235" elapsed="0.002512"/>
</kw>
<kw name="Set Variable" owner="BuiltIn">
<msg time="2026-05-07T14:58:08.912534" level="INFO">${password} = thomne</msg>
<var>${password}</var>
<arg>${item['password']}</arg>
<doc>Returns the given values which can then be assigned to a variables.</doc>
<status status="PASS" start="2026-05-07T14:58:08.909732" elapsed="0.002902"/>
</kw>
<kw name="Set Variable" owner="BuiltIn">
<msg time="2026-05-07T14:58:08.916562" level="INFO">${type} = login_fail</msg>
<var>${type}</var>
<arg>${item['type']}</arg>
<doc>Returns the given values which can then be assigned to a variables.</doc>
<status status="PASS" start="2026-05-07T14:58:08.912963" elapsed="0.004095"/>
</kw>
<kw name="Log" owner="BuiltIn">
<msg time="2026-05-07T14:58:08.918487" level="INFO">===== lethithom@gmail.com =====</msg>
<arg>===== ${email} =====</arg>
<doc>Logs the given message with the given level.</doc>
<status status="PASS" start="2026-05-07T14:58:08.917423" elapsed="0.001393"/>
</kw>
<kw name="Login With Data" owner="login_keywords">
<kw name="Click Login Link" owner="login_page">
<kw name="Click Element" owner="SeleniumLibrary">
<msg time="2026-05-07T14:58:08.921248" level="INFO">Clicking element 'xpath=//a[contains(text(),'Đăng nhập')]'.</msg>
<arg>${A_LOGIN}</arg>
<doc>Click the element identified by ``locator``.</doc>
<status status="PASS" start="2026-05-07T14:58:08.920794" elapsed="0.732138"/>
</kw>
<status status="PASS" start="2026-05-07T14:58:08.920211" elapsed="0.733003"/>
</kw>
<kw name="Enter Email" owner="login_page">
<kw name="Input Text" owner="SeleniumLibrary">
<msg time="2026-05-07T14:58:09.654414" level="INFO">Typing text 'lethithom@gmail.com' into text field 'id=customer_email'.</msg>
<arg>${USERNAME_INPUT}</arg>
<arg>${email}</arg>
<doc>Types the given ``text`` into the text field identified by ``locator``.</doc>
<status status="PASS" start="2026-05-07T14:58:09.654039" elapsed="0.269784"/>
</kw>
<arg>${email}</arg>
<status status="PASS" start="2026-05-07T14:58:09.653598" elapsed="0.270473"/>
</kw>
<kw name="Enter Password" owner="login_page">
<kw name="Input Text" owner="SeleniumLibrary">
<msg time="2026-05-07T14:58:09.925737" level="INFO">Typing text 'thomne' into text field 'id=customer_password'.</msg>
<arg>${PASSWORD_INPUT}</arg>
<arg>${password}</arg>
<doc>Types the given ``text`` into the text field identified by ``locator``.</doc>
<status status="PASS" start="2026-05-07T14:58:09.925236" elapsed="0.116211"/>
</kw>
<arg>${password}</arg>
<status status="PASS" start="2026-05-07T14:58:09.924464" elapsed="0.117123"/>
</kw>
<kw name="Click Login Button" owner="login_page">
<kw name="Click Button" owner="SeleniumLibrary">
<msg time="2026-05-07T14:58:10.042598" level="INFO">Clicking button 'xpath=//input[@value='Đăng nhập']'.</msg>
<arg>${LOGIN_BUTTON}</arg>
<doc>Clicks the button identified by ``locator``.</doc>
<status status="PASS" start="2026-05-07T14:58:10.042210" elapsed="0.106374"/>
</kw>
<status status="PASS" start="2026-05-07T14:58:10.041788" elapsed="0.106985"/>
</kw>
<arg>${email}</arg>
<arg>${password}</arg>
<status status="PASS" start="2026-05-07T14:58:08.919324" elapsed="1.229542"/>
</kw>
<if>
<branch type="IF" condition="'${type}' == 'email_empty'">
<kw name="Get Browser Validation Message" owner="login_page">
<var>${msg}</var>
<arg>${USERNAME_INPUT}</arg>
<status status="NOT RUN" start="2026-05-07T14:58:10.150530" elapsed="0.000159"/>
</kw>
<kw name="Should Not Be Empty" owner="BuiltIn">
<arg>${msg}</arg>
<doc>Verifies that the given item is not empty.</doc>
<status status="NOT RUN" start="2026-05-07T14:58:10.151618" elapsed="0.000111"/>
</kw>
<status status="NOT RUN" start="2026-05-07T14:58:10.149157" elapsed="0.002701"/>
</branch>
<branch type="ELSE IF" condition="'${type}' == 'email_invalid'">
<kw name="Get Browser Validation Message" owner="login_page">
<var>${msg}</var>
<arg>${USERNAME_INPUT}</arg>
<status status="NOT RUN" start="2026-05-07T14:58:10.152730" elapsed="0.000058"/>
</kw>
<kw name="Should Not Be Empty" owner="BuiltIn">
<arg>${msg}</arg>
<doc>Verifies that the given item is not empty.</doc>
<status status="NOT RUN" start="2026-05-07T14:58:10.152936" elapsed="0.000039"/>
</kw>
<status status="NOT RUN" start="2026-05-07T14:58:10.151989" elapsed="0.001037"/>
</branch>
<branch type="ELSE IF" condition="'${type}' == 'login_fail'">
<kw name="Page Should Contain Element" owner="SeleniumLibrary">
<msg time="2026-05-07T14:58:10.589270" level="INFO">Current page contains element 'xpath=//div[@class='errors']'.</msg>
<arg>${ERROR_MESSAGE}</arg>
<doc>Verifies that element ``locator`` is found on the current page.</doc>
<status status="PASS" start="2026-05-07T14:58:10.153340" elapsed="0.436048"/>
</kw>
<status status="PASS" start="2026-05-07T14:58:10.153078" elapsed="0.436398"/>
</branch>
<branch type="ELSE IF" condition="'${type}' == 'login_success'">
<kw name="Page Should Contain Element" owner="SeleniumLibrary">
<arg>${SUCCESS_MESSAGE}</arg>
<doc>Verifies that element ``locator`` is found on the current page.</doc>
<status status="NOT RUN" start="2026-05-07T14:58:10.589723" elapsed="0.000044"/>
</kw>
<status status="NOT RUN" start="2026-05-07T14:58:10.589542" elapsed="0.000417"/>
</branch>
<status status="PASS" start="2026-05-07T14:58:10.149040" elapsed="0.440984"/>
</if>
<kw name="Reload Page" owner="SeleniumLibrary">
<doc>Simulates user reloading page.</doc>
<status status="PASS" start="2026-05-07T14:58:10.590149" elapsed="1.466284"/>
</kw>
<var name="${item}">{'email': 'lethithom@gmail.com', 'password': 'thomne', 'type': 'login_fail', 'expected': 'Thông tin đăng nhập không hợp lệ'}</var>
<status status="PASS" start="2026-05-07T14:58:08.904945" elapsed="3.151580"/>
</iter>
<iter>
<kw name="Set Variable" owner="BuiltIn">
<msg time="2026-05-07T14:58:12.057706" level="INFO">${email} = thom123@gmail.com</msg>
<var>${email}</var>
<arg>${item['email']}</arg>
<doc>Returns the given values which can then be assigned to a variables.</doc>
<status status="PASS" start="2026-05-07T14:58:12.056954" elapsed="0.000793"/>
</kw>
<kw name="Set Variable" owner="BuiltIn">
<msg time="2026-05-07T14:58:12.058561" level="INFO">${password} = Thom12;hi</msg>
<var>${password}</var>
<arg>${item['password']}</arg>
<doc>Returns the given values which can then be assigned to a variables.</doc>
<status status="PASS" start="2026-05-07T14:58:12.057895" elapsed="0.000705"/>
</kw>
<kw name="Set Variable" owner="BuiltIn">
<msg time="2026-05-07T14:58:12.059393" level="INFO">${type} = login_success</msg>
<var>${type}</var>
<arg>${item['type']}</arg>
<doc>Returns the given values which can then be assigned to a variables.</doc>
<status status="PASS" start="2026-05-07T14:58:12.058738" elapsed="0.000695"/>
</kw>
<kw name="Log" owner="BuiltIn">
<msg time="2026-05-07T14:58:12.059885" level="INFO">===== thom123@gmail.com =====</msg>
<arg>===== ${email} =====</arg>
<doc>Logs the given message with the given level.</doc>
<status status="PASS" start="2026-05-07T14:58:12.059575" elapsed="0.000372"/>
</kw>
<kw name="Login With Data" owner="login_keywords">
<kw name="Click Login Link" owner="login_page">
<kw name="Click Element" owner="SeleniumLibrary">
<msg time="2026-05-07T14:58:12.061331" level="INFO">Clicking element 'xpath=//a[contains(text(),'Đăng nhập')]'.</msg>
<arg>${A_LOGIN}</arg>
<doc>Click the element identified by ``locator``.</doc>
<status status="PASS" start="2026-05-07T14:58:12.061126" elapsed="0.547670"/>
</kw>
<status status="PASS" start="2026-05-07T14:58:12.060876" elapsed="0.548051"/>
</kw>
<kw name="Enter Email" owner="login_page">
<kw name="Input Text" owner="SeleniumLibrary">
<msg time="2026-05-07T14:58:12.609694" level="INFO">Typing text 'thom123@gmail.com' into text field 'id=customer_email'.</msg>
<arg>${USERNAME_INPUT}</arg>
<arg>${email}</arg>
<doc>Types the given ``text`` into the text field identified by ``locator``.</doc>
<status status="PASS" start="2026-05-07T14:58:12.609451" elapsed="0.200575"/>
</kw>
<arg>${email}</arg>
<status status="PASS" start="2026-05-07T14:58:12.609118" elapsed="0.201128"/>
</kw>
<kw name="Enter Password" owner="login_page">
<kw name="Input Text" owner="SeleniumLibrary">
<msg time="2026-05-07T14:58:12.811526" level="INFO">Typing text 'Thom12;hi' into text field 'id=customer_password'.</msg>
<arg>${PASSWORD_INPUT}</arg>
<arg>${password}</arg>
<doc>Types the given ``text`` into the text field identified by ``locator``.</doc>
<status status="PASS" start="2026-05-07T14:58:12.811209" elapsed="0.147778"/>
</kw>
<arg>${password}</arg>
<status status="PASS" start="2026-05-07T14:58:12.810586" elapsed="0.148532"/>
</kw>
<kw name="Click Login Button" owner="login_page">
<kw name="Click Button" owner="SeleniumLibrary">
<msg time="2026-05-07T14:58:12.959804" level="INFO">Clicking button 'xpath=//input[@value='Đăng nhập']'.</msg>
<arg>${LOGIN_BUTTON}</arg>
<doc>Clicks the button identified by ``locator``.</doc>
<status status="PASS" start="2026-05-07T14:58:12.959588" elapsed="0.603612"/>
</kw>
<status status="PASS" start="2026-05-07T14:58:12.959310" elapsed="0.604014"/>
</kw>
<arg>${email}</arg>
<arg>${password}</arg>
<status status="PASS" start="2026-05-07T14:58:12.060129" elapsed="1.503269"/>
</kw>
<if>
<branch type="IF" condition="'${type}' == 'email_empty'">
<kw name="Get Browser Validation Message" owner="login_page">
<var>${msg}</var>
<arg>${USERNAME_INPUT}</arg>
<status status="NOT RUN" start="2026-05-07T14:58:13.564446" elapsed="0.000189"/>
</kw>
<kw name="Should Not Be Empty" owner="BuiltIn">
<arg>${msg}</arg>
<doc>Verifies that the given item is not empty.</doc>
<status status="NOT RUN" start="2026-05-07T14:58:13.564786" elapsed="0.000040"/>
</kw>
<status status="NOT RUN" start="2026-05-07T14:58:13.563728" elapsed="0.001159"/>
</branch>
<branch type="ELSE IF" condition="'${type}' == 'email_invalid'">
<kw name="Get Browser Validation Message" owner="login_page">
<var>${msg}</var>
<arg>${USERNAME_INPUT}</arg>
<status status="NOT RUN" start="2026-05-07T14:58:13.565218" elapsed="0.000041"/>
</kw>
<kw name="Should Not Be Empty" owner="BuiltIn">
<arg>${msg}</arg>
<doc>Verifies that the given item is not empty.</doc>
<status status="NOT RUN" start="2026-05-07T14:58:13.565377" elapsed="0.000036"/>
</kw>
<status status="NOT RUN" start="2026-05-07T14:58:13.564939" elapsed="0.000524"/>
</branch>
<branch type="ELSE IF" condition="'${type}' == 'login_fail'">
<kw name="Page Should Contain Element" owner="SeleniumLibrary">
<arg>${ERROR_MESSAGE}</arg>
<doc>Verifies that element ``locator`` is found on the current page.</doc>
<status status="NOT RUN" start="2026-05-07T14:58:13.565722" elapsed="0.000036"/>
</kw>
<status status="NOT RUN" start="2026-05-07T14:58:13.565511" elapsed="0.000298"/>
</branch>
<branch type="ELSE IF" condition="'${type}' == 'login_success'">
<kw name="Page Should Contain Element" owner="SeleniumLibrary">
<msg time="2026-05-07T14:58:13.582216" level="INFO">Current page contains element 'xpath=//h1[contains(text(),'Tài khoản của bạn')]'.</msg>
<arg>${SUCCESS_MESSAGE}</arg>
<doc>Verifies that element ``locator`` is found on the current page.</doc>
<status status="PASS" start="2026-05-07T14:58:13.566560" elapsed="0.015785"/>
</kw>
<status status="PASS" start="2026-05-07T14:58:13.565934" elapsed="0.016504"/>
</branch>
<status status="PASS" start="2026-05-07T14:58:13.563600" elapsed="0.018903"/>
</if>
<kw name="Reload Page" owner="SeleniumLibrary">
<doc>Simulates user reloading page.</doc>
<status status="PASS" start="2026-05-07T14:58:13.582653" elapsed="0.510668"/>
</kw>
<var name="${item}">{'email': 'thom123@gmail.com', 'password': 'Thom12;hi', 'type': 'login_success', 'expected': 'TÀI KHOẢN CỦA BẠN'}</var>
<status status="PASS" start="2026-05-07T14:58:12.056813" elapsed="2.036605"/>
</iter>
<var>${item}</var>
<value>@{data}</value>
<status status="PASS" start="2026-05-07T14:58:01.828571" elapsed="12.264927"/>
</for>
<status status="PASS" start="2026-05-07T14:58:01.823685" elapsed="12.270303"/>
</test>
<kw name="Close Browser" owner="common" type="TEARDOWN">
<kw name="Close All Browsers" owner="SeleniumLibrary">
<doc>Closes all open browsers and resets the browser cache.</doc>
<status status="PASS" start="2026-05-07T14:58:14.095676" elapsed="3.180130"/>
</kw>
<status status="PASS" start="2026-05-07T14:58:14.095372" elapsed="3.180876"/>
</kw>
<status status="PASS" start="2026-05-07T14:57:52.871298" elapsed="24.405161"/>
</suite>
<statistics>
<total>
<stat pass="1" fail="0" skip="0">All Tests</stat>
</total>
<tag>
</tag>
<suite>
<stat name="Test Login" id="s1" pass="1" fail="0" skip="0">Test Login</stat>
</suite>
</statistics>
<errors>
</errors>
</robot>
